2025-03-03 10:50:09,424 - model_runner - INFO - Starting model training
2025-03-03 10:50:09,426 - model_runner - ERROR - Error importing LSTM model: No module named 'lstm_model'
2025-03-03 10:50:09,427 - model_runner - INFO - Trying alternative import...
2025-03-03 10:50:09,428 - model_runner - INFO - Alternative import successful
2025-03-03 10:50:09,429 - model_runner - INFO - Working with processed_dir: c:\Users\Ajit Zod\Untitled Folder 2\time_series_forecasting_engine\data\processed
2025-03-03 10:50:09,430 - model_runner - INFO - Models will be saved to: c:\Users\Ajit Zod\Untitled Folder 2\time_series_forecasting_engine\models
2025-03-03 10:50:09,432 - model_runner - INFO - Found 5 training data files
2025-03-03 10:50:09,433 - model_runner - INFO - Training model for AAPL
2025-03-03 10:50:09,433 - model_runner - INFO - Loading training data from c:\Users\Ajit Zod\Untitled Folder 2\time_series_forecasting_engine\data\processed\AAPL_train.parquet
2025-03-03 10:50:09,533 - model_runner - INFO - Loading validation data from c:\Users\Ajit Zod\Untitled Folder 2\time_series_forecasting_engine\data\processed\AAPL_val.parquet
2025-03-03 10:50:09,595 - model_runner - INFO - Creating LSTM model with input dim: 120
2025-03-03 10:50:11,469 - model_runner - INFO - Starting training for AAPL
2025-03-03 10:50:15,394 - model_runner - INFO - Model training completed for AAPL
2025-03-03 10:50:15,394 - model_runner - INFO - Best validation loss: 17.758087
2025-03-03 10:50:15,394 - model_runner - INFO - RMSE: 4.214035, MAE: 4.194661
2025-03-03 10:50:15,394 - model_runner - INFO - Training model for AMZN
2025-03-03 10:50:15,395 - model_runner - INFO - Loading training data from c:\Users\Ajit Zod\Untitled Folder 2\time_series_forecasting_engine\data\processed\AMZN_train.parquet
2025-03-03 10:50:15,410 - model_runner - INFO - Loading validation data from c:\Users\Ajit Zod\Untitled Folder 2\time_series_forecasting_engine\data\processed\AMZN_val.parquet
2025-03-03 10:50:15,437 - model_runner - INFO - Creating LSTM model with input dim: 120
2025-03-03 10:50:15,439 - model_runner - INFO - Starting training for AMZN
2025-03-03 10:50:23,453 - model_runner - ERROR - Error training model for AMZN: [Errno 2] No such file or directory: 'c:\\Users\\Ajit Zod\\Untitled Folder 2\\time_series_forecasting_engine\\models\\lstm_model_20250303_105023.pt'
2025-03-03 10:50:23,456 - model_runner - INFO - Training model for GOOGL
2025-03-03 10:50:23,456 - model_runner - INFO - Loading training data from c:\Users\Ajit Zod\Untitled Folder 2\time_series_forecasting_engine\data\processed\GOOGL_train.parquet
2025-03-03 10:50:23,471 - model_runner - INFO - Loading validation data from c:\Users\Ajit Zod\Untitled Folder 2\time_series_forecasting_engine\data\processed\GOOGL_val.parquet
2025-03-03 10:50:23,500 - model_runner - INFO - Creating LSTM model with input dim: 120
2025-03-03 10:50:23,502 - model_runner - INFO - Starting training for GOOGL
2025-03-03 10:50:31,612 - model_runner - INFO - Model training completed for GOOGL
2025-03-03 10:50:31,612 - model_runner - INFO - Best validation loss: 346490.009156
2025-03-03 10:50:31,612 - model_runner - INFO - RMSE: 588.634033, MAE: 588.289551
2025-03-03 10:50:31,612 - model_runner - INFO - Training model for META
2025-03-03 10:50:31,613 - model_runner - INFO - Loading training data from c:\Users\Ajit Zod\Untitled Folder 2\time_series_forecasting_engine\data\processed\META_train.parquet
2025-03-03 10:50:31,624 - model_runner - INFO - Loading validation data from c:\Users\Ajit Zod\Untitled Folder 2\time_series_forecasting_engine\data\processed\META_val.parquet
2025-03-03 10:50:31,651 - model_runner - INFO - Creating LSTM model with input dim: 120
2025-03-03 10:50:31,654 - model_runner - INFO - Starting training for META
2025-03-03 10:50:39,784 - model_runner - ERROR - Error training model for META: [Errno 2] No such file or directory: 'c:\\Users\\Ajit Zod\\Untitled Folder 2\\time_series_forecasting_engine\\models\\lstm_model_20250303_105039.pt'
2025-03-03 10:50:39,786 - model_runner - INFO - Training model for MSFT
2025-03-03 10:50:39,787 - model_runner - INFO - Loading training data from c:\Users\Ajit Zod\Untitled Folder 2\time_series_forecasting_engine\data\processed\MSFT_train.parquet
2025-03-03 10:50:39,807 - model_runner - INFO - Loading validation data from c:\Users\Ajit Zod\Untitled Folder 2\time_series_forecasting_engine\data\processed\MSFT_val.parquet
2025-03-03 10:50:39,846 - model_runner - INFO - Creating LSTM model with input dim: 120
2025-03-03 10:50:39,851 - model_runner - INFO - Starting training for MSFT
2025-03-03 10:50:44,696 - model_runner - INFO - Model training completed for MSFT
2025-03-03 10:50:44,696 - model_runner - INFO - Best validation loss: 18.909767
2025-03-03 10:50:44,697 - model_runner - INFO - RMSE: 4.348536, MAE: 4.336441
2025-03-03 10:50:44,702 - model_runner - INFO - All model results saved to c:\Users\Ajit Zod\Untitled Folder 2\time_series_forecasting_engine\results\model_results_20250303_105044.csv
2025-03-03 10:50:44,704 - model_runner - INFO - Model training completed
