2025-03-02 22:14:24,683 - model_runner - INFO - Starting model training
2025-03-02 22:14:24,689 - model_runner - INFO - Successfully imported LSTM model
2025-03-02 22:14:24,690 - model_runner - INFO - Working with processed_dir: C:\Users\Ajit Zod\Untitled Folder 2\time_series_forecasting_engine\data\processed
2025-03-02 22:14:24,690 - model_runner - INFO - Models will be saved to: C:\Users\Ajit Zod\Untitled Folder 2\time_series_forecasting_engine\models
2025-03-02 22:14:24,690 - model_runner - INFO - Found 5 training data files
2025-03-02 22:14:24,691 - model_runner - INFO - Training model for AAPL
2025-03-02 22:14:24,691 - model_runner - INFO - Loading training data from C:\Users\Ajit Zod\Untitled Folder 2\time_series_forecasting_engine\data\processed\AAPL_train.parquet
2025-03-02 22:14:24,843 - model_runner - INFO - Loading validation data from C:\Users\Ajit Zod\Untitled Folder 2\time_series_forecasting_engine\data\processed\AAPL_val.parquet
2025-03-02 22:14:24,880 - model_runner - INFO - Creating LSTM model with input dim: 120
2025-03-02 22:14:26,481 - model_runner - INFO - Starting training for AAPL
2025-03-02 22:14:30,083 - model_runner - INFO - Model training completed for AAPL
2025-03-02 22:14:30,083 - model_runner - INFO - Best validation loss: 19.054560
2025-03-02 22:14:30,084 - model_runner - INFO - RMSE: 4.365153, MAE: 4.346454
2025-03-02 22:14:30,084 - model_runner - INFO - Training model for AMZN
2025-03-02 22:14:30,084 - model_runner - INFO - Loading training data from C:\Users\Ajit Zod\Untitled Folder 2\time_series_forecasting_engine\data\processed\AMZN_train.parquet
2025-03-02 22:14:30,098 - model_runner - INFO - Loading validation data from C:\Users\Ajit Zod\Untitled Folder 2\time_series_forecasting_engine\data\processed\AMZN_val.parquet
2025-03-02 22:14:30,125 - model_runner - INFO - Creating LSTM model with input dim: 120
2025-03-02 22:14:30,128 - model_runner - INFO - Starting training for AMZN
2025-03-02 22:14:38,676 - model_runner - INFO - Model training completed for AMZN
2025-03-02 22:14:38,676 - model_runner - INFO - Best validation loss: 21677.641589
2025-03-02 22:14:38,677 - model_runner - INFO - RMSE: 147.233292, MAE: 143.236389
2025-03-02 22:14:38,677 - model_runner - INFO - Training model for GOOGL
2025-03-02 22:14:38,678 - model_runner - INFO - Loading training data from C:\Users\Ajit Zod\Untitled Folder 2\time_series_forecasting_engine\data\processed\GOOGL_train.parquet
2025-03-02 22:14:38,690 - model_runner - INFO - Loading validation data from C:\Users\Ajit Zod\Untitled Folder 2\time_series_forecasting_engine\data\processed\GOOGL_val.parquet
2025-03-02 22:14:38,719 - model_runner - INFO - Creating LSTM model with input dim: 120
2025-03-02 22:14:38,722 - model_runner - INFO - Starting training for GOOGL
2025-03-02 22:14:46,760 - model_runner - ERROR - Error training model for GOOGL: [Errno 2] No such file or directory: 'C:\\Users\\Ajit Zod\\Untitled Folder 2\\time_series_forecasting_engine\\models\\lstm_model_20250302_221446.pt'
2025-03-02 22:14:46,763 - model_runner - INFO - Training model for META
2025-03-02 22:14:46,764 - model_runner - INFO - Loading training data from C:\Users\Ajit Zod\Untitled Folder 2\time_series_forecasting_engine\data\processed\META_train.parquet
2025-03-02 22:14:46,784 - model_runner - INFO - Loading validation data from C:\Users\Ajit Zod\Untitled Folder 2\time_series_forecasting_engine\data\processed\META_val.parquet
2025-03-02 22:14:46,857 - model_runner - INFO - Creating LSTM model with input dim: 120
2025-03-02 22:14:46,860 - model_runner - INFO - Starting training for META
2025-03-02 22:14:55,754 - model_runner - ERROR - Error training model for META: [Errno 2] No such file or directory: 'C:\\Users\\Ajit Zod\\Untitled Folder 2\\time_series_forecasting_engine\\models\\lstm_model_20250302_221455.pt'
2025-03-02 22:14:55,757 - model_runner - INFO - Training model for MSFT
2025-03-02 22:14:55,757 - model_runner - INFO - Loading training data from C:\Users\Ajit Zod\Untitled Folder 2\time_series_forecasting_engine\data\processed\MSFT_train.parquet
2025-03-02 22:14:55,781 - model_runner - INFO - Loading validation data from C:\Users\Ajit Zod\Untitled Folder 2\time_series_forecasting_engine\data\processed\MSFT_val.parquet
2025-03-02 22:14:55,836 - model_runner - INFO - Creating LSTM model with input dim: 120
2025-03-02 22:14:55,839 - model_runner - INFO - Starting training for MSFT
2025-03-02 22:14:59,501 - model_runner - INFO - Model training completed for MSFT
2025-03-02 22:14:59,502 - model_runner - INFO - Best validation loss: 15.783086
2025-03-02 22:14:59,502 - model_runner - INFO - RMSE: 3.972793, MAE: 3.959664
2025-03-02 22:14:59,509 - model_runner - INFO - All model results saved to C:\Users\Ajit Zod\Untitled Folder 2\time_series_forecasting_engine\results\model_results_20250302_221459.csv
2025-03-02 22:14:59,512 - model_runner - INFO - Model training completed
