2025-03-02 21:47:29,008 - main_pipeline - INFO - Starting the time series forecasting pipeline
2025-03-02 21:47:29,044 - main_pipeline - INFO - Successfully imported project modules
2025-03-02 21:47:29,045 - main_pipeline - INFO - Working with project root: c:\Users\Ajit Zod\Untitled Folder 2\time_series_forecasting_engine
2025-03-02 21:47:29,046 - main_pipeline - INFO - Step 1: Data Collection
2025-03-02 21:47:29,048 - main_pipeline - INFO - Loading existing data from c:\Users\Ajit Zod\Untitled Folder 2\time_series_forecasting_engine\data\raw\market_data.csv
2025-03-02 21:47:29,068 - main_pipeline - INFO - Data collected with shape: (9100, 7)
2025-03-02 21:47:29,083 - main_pipeline - INFO - Step 2: Data Preprocessing
2025-03-02 21:47:29,122 - main_pipeline - INFO - Data preprocessed with shape: (9100, 7)
2025-03-02 21:47:29,123 - main_pipeline - INFO - Step 3: Feature Engineering
2025-03-02 21:47:30,255 - main_pipeline - INFO - Features engineered with shape: (8105, 122)
2025-03-02 21:47:30,256 - main_pipeline - INFO - Number of features created: 122
2025-03-02 21:47:30,434 - main_pipeline - INFO - Featured data saved to c:\Users\Ajit Zod\Untitled Folder 2\time_series_forecasting_engine\data\processed\featured_data_20250302_214730.parquet
2025-03-02 21:47:30,434 - main_pipeline - INFO - Step 4: Preparing Data for Model Training
2025-03-02 21:47:30,435 - main_pipeline - INFO - Preparing training data for AAPL
2025-03-02 21:47:30,496 - main_pipeline - INFO - Saved training data for AAPL: (1296, 124) rows
2025-03-02 21:47:30,497 - main_pipeline - INFO - Saved validation data for AAPL: (324, 124) rows
2025-03-02 21:47:31,322 - main_pipeline - INFO - Preparing training data for AMZN
2025-03-02 21:47:31,401 - main_pipeline - INFO - Saved training data for AMZN: (1296, 124) rows
2025-03-02 21:47:31,402 - main_pipeline - INFO - Saved validation data for AMZN: (324, 124) rows
2025-03-02 21:47:31,613 - main_pipeline - INFO - Preparing training data for GOOGL
2025-03-02 21:47:31,666 - main_pipeline - INFO - Saved training data for GOOGL: (1296, 124) rows
2025-03-02 21:47:31,666 - main_pipeline - INFO - Saved validation data for GOOGL: (324, 124) rows
2025-03-02 21:47:31,851 - main_pipeline - INFO - Preparing training data for META
2025-03-02 21:47:31,909 - main_pipeline - INFO - Saved training data for META: (1296, 124) rows
2025-03-02 21:47:31,910 - main_pipeline - INFO - Saved validation data for META: (324, 124) rows
2025-03-02 21:47:32,129 - main_pipeline - INFO - Preparing training data for MSFT
2025-03-02 21:47:32,193 - main_pipeline - INFO - Saved training data for MSFT: (1296, 124) rows
2025-03-02 21:47:32,194 - main_pipeline - INFO - Saved validation data for MSFT: (324, 124) rows
2025-03-02 21:47:32,406 - main_pipeline - INFO - Pipeline completed successfully!
